
> @hexagon6/sapper-cellular-automata@0.0.1-alpha.5 cov /home/travis/build/hexagon6/sapper-cellular-automata
> nyc --reporter=lcov --reporter=text-lcov npm run unit


> @hexagon6/sapper-cellular-automata@0.0.1-alpha.5 unit /home/travis/build/hexagon6/sapper-cellular-automata
> ava

TN:
SF:/home/travis/build/hexagon6/sapper-cellular-automata/modules/index.js
FN:6,(anonymous_0)
FNF:1
FNH:1
FNDA:1,(anonymous_0)
DA:6,3
LF:1
LH:1
BRF:0
BRH:0
end_of_record
TN:
SF:/home/travis/build/hexagon6/sapper-cellular-automata/modules/shapes/hexagon.js
FN:4,(anonymous_0)
FN:4,(anonymous_1)
FN:5,(anonymous_2)
FN:5,(anonymous_3)
FN:6,(anonymous_4)
FN:8,(anonymous_5)
FN:11,(anonymous_6)
FN:12,(anonymous_7)
FN:15,(anonymous_8)
FN:15,(anonymous_9)
FN:17,(anonymous_10)
FN:18,(anonymous_11)
FNF:12
FNH:12
FNDA:1,(anonymous_0)
FNDA:4,(anonymous_1)
FNDA:1,(anonymous_2)
FNDA:4,(anonymous_3)
FNDA:1,(anonymous_4)
FNDA:3,(anonymous_5)
FNDA:18,(anonymous_6)
FNDA:36,(anonymous_7)
FNDA:5,(anonymous_8)
FNDA:30,(anonymous_9)
FNDA:5,(anonymous_10)
FNDA:30,(anonymous_11)
DA:1,3
DA:2,3
DA:4,4
DA:5,4
DA:6,3
DA:8,3
DA:9,3
DA:11,18
DA:12,36
DA:15,30
DA:17,3
DA:18,30
LF:12
LH:12
BRDA:8,0,0,1
BRF:1
BRH:1
end_of_record
TN:
SF:/home/travis/build/hexagon6/sapper-cellular-automata/modules/shapes/rectangular.js
FN:1,(anonymous_0)
FN:2,(anonymous_1)
FNF:2
FNH:2
FNDA:1,(anonymous_0)
FNDA:4,(anonymous_1)
DA:1,3
DA:2,4
LF:2
LH:2
BRF:0
BRH:0
end_of_record
TN:
SF:/home/travis/build/hexagon6/sapper-cellular-automata/modules/stores/gameoflife.js
FNF:0
FNH:0
DA:1,3
DA:2,3
LF:2
LH:2
BRF:0
BRH:0
end_of_record
TN:
SF:/home/travis/build/hexagon6/sapper-cellular-automata/modules/stores/index.js
FNF:0
FNH:0
LF:0
LH:0
BRF:0
BRH:0
end_of_record
